04/07/2022 11:45:21 AM [INFO]: Loading nets...
04/07/2022 11:45:21 AM [INFO]: Current net: cc4_current_net__iter4.pth.tar
04/07/2022 11:45:21 AM [INFO]: Previous (Best) net: cc4_current_net__iter3.pth.tar
04/07/2022 11:45:35 AM [INFO]: Spawning 12 processes...
START TIME:  11:45:21
FINISHED SELF PLAY:  11:45:21
04/07/2022 11:45:40 AM [INFO]: [CPU 6]: Starting games...
04/07/2022 11:45:40 AM [INFO]: Starting game round...
04/07/2022 11:45:40 AM [INFO]: [CPU 7]: Starting games...
04/07/2022 11:45:40 AM [INFO]: Starting game round...
04/07/2022 11:45:40 AM [INFO]: [CPU 5]: Starting games...
04/07/2022 11:45:40 AM [INFO]: Starting game round...
04/07/2022 11:45:40 AM [INFO]: [CPU 10]: Starting games...
04/07/2022 11:45:40 AM [INFO]: Starting game round...
04/07/2022 11:45:40 AM [INFO]: [CPU 11]: Starting games...
04/07/2022 11:45:40 AM [INFO]: Starting game round...
04/07/2022 11:45:40 AM [INFO]: [CPU 3]: Starting games...
04/07/2022 11:45:40 AM [INFO]: Starting game round...
04/07/2022 11:45:40 AM [INFO]: [CPU 2]: Starting games...
04/07/2022 11:45:40 AM [INFO]: Starting game round...
04/07/2022 11:45:40 AM [INFO]: [CPU 9]: Starting games...
04/07/2022 11:45:40 AM [INFO]: Starting game round...
04/07/2022 11:45:40 AM [INFO]: [CPU 8]: Starting games...
04/07/2022 11:45:40 AM [INFO]: Starting game round...
04/07/2022 11:45:40 AM [INFO]: [CPU 0]: Starting games...
04/07/2022 11:45:40 AM [INFO]: Starting game round...
04/07/2022 11:45:40 AM [INFO]: [CPU 4]: Starting games...
04/07/2022 11:45:40 AM [INFO]: Starting game round...
04/07/2022 11:45:40 AM [INFO]: [CPU 1]: Starting games...
04/07/2022 11:45:40 AM [INFO]: Starting game round...
04/07/2022 11:46:30 AM [INFO]: Starting game round...
04/07/2022 11:46:30 AM [INFO]: Starting game round...
04/07/2022 11:46:30 AM [INFO]: Starting game round...
04/07/2022 11:46:30 AM [INFO]: Starting game round...
04/07/2022 11:46:30 AM [INFO]: Starting game round...
04/07/2022 11:46:30 AM [INFO]: Starting game round...
04/07/2022 11:47:17 AM [INFO]: Starting game round...
04/07/2022 11:47:18 AM [INFO]: Starting game round...
04/07/2022 11:47:31 AM [INFO]: Starting game round...
04/07/2022 11:47:31 AM [INFO]: Starting game round...
04/07/2022 11:47:31 AM [INFO]: Starting game round...
04/07/2022 11:47:31 AM [INFO]: Starting game round...
04/07/2022 11:47:31 AM [INFO]: Starting game round...
04/07/2022 11:47:31 AM [INFO]: Starting game round...
04/07/2022 11:48:04 AM [INFO]: Starting game round...
04/07/2022 11:48:04 AM [INFO]: Starting game round...
04/07/2022 11:48:17 AM [INFO]: Starting game round...
04/07/2022 11:48:17 AM [INFO]: Starting game round...
04/07/2022 11:48:17 AM [INFO]: Starting game round...
04/07/2022 11:48:17 AM [INFO]: Starting game round...
04/07/2022 11:48:17 AM [INFO]: Starting game round...
04/07/2022 11:48:31 AM [INFO]: Starting game round...
04/07/2022 11:48:51 AM [INFO]: Starting game round...
04/07/2022 11:48:51 AM [INFO]: Starting game round...
04/07/2022 11:49:04 AM [INFO]: Starting game round...
04/07/2022 11:49:04 AM [INFO]: Starting game round...
04/07/2022 11:49:18 AM [INFO]: Starting game round...
04/07/2022 11:49:18 AM [INFO]: Starting game round...
04/07/2022 11:49:18 AM [INFO]: Starting game round...
04/07/2022 11:49:38 AM [INFO]: Starting game round...
04/07/2022 11:49:38 AM [INFO]: Starting game round...
04/07/2022 11:49:51 AM [INFO]: Starting game round...
04/07/2022 11:49:52 AM [INFO]: Starting game round...
04/07/2022 11:50:05 AM [INFO]: Starting game round...
04/07/2022 11:50:18 AM [INFO]: Starting game round...
04/07/2022 11:50:25 AM [INFO]: Starting game round...
04/07/2022 11:50:38 AM [INFO]: Starting game round...
04/07/2022 11:51:05 AM [INFO]: Starting game round...
04/07/2022 11:51:05 AM [INFO]: Starting game round...
04/07/2022 11:51:25 AM [INFO]: Starting game round...
04/07/2022 11:51:39 AM [INFO]: Starting game round...
04/07/2022 11:51:52 AM [INFO]: Starting game round...
04/07/2022 11:51:52 AM [INFO]: Starting game round...
04/07/2022 11:52:12 AM [INFO]: Starting game round...
04/07/2022 11:52:25 AM [INFO]: Starting game round...
04/07/2022 11:52:25 AM [INFO]: Starting game round...
04/07/2022 11:52:38 AM [INFO]: Starting game round...
04/07/2022 11:52:38 AM [INFO]: Starting game round...
04/07/2022 11:52:38 AM [INFO]: Starting game round...
04/07/2022 11:52:58 AM [INFO]: Starting game round...
04/07/2022 11:53:12 AM [INFO]: Starting game round...
04/07/2022 11:53:25 AM [INFO]: Starting game round...
04/07/2022 11:53:25 AM [INFO]: Starting game round...
04/07/2022 11:53:25 AM [INFO]: Starting game round...
04/07/2022 11:53:25 AM [INFO]: Starting game round...
04/07/2022 11:53:32 AM [INFO]: Starting game round...
04/07/2022 11:53:45 AM [INFO]: Starting game round...
04/07/2022 11:53:46 AM [INFO]: Starting game round...
04/07/2022 11:53:59 AM [INFO]: Starting game round...
04/07/2022 11:54:12 AM [INFO]: Starting game round...
04/07/2022 11:54:12 AM [INFO]: Starting game round...
04/07/2022 11:54:12 AM [INFO]: Starting game round...
04/07/2022 11:54:12 AM [INFO]: Starting game round...
04/07/2022 11:54:33 AM [INFO]: Starting game round...
04/07/2022 11:54:33 AM [INFO]: Starting game round...
04/07/2022 11:54:46 AM [INFO]: Starting game round...
04/07/2022 11:55:00 AM [INFO]: Starting game round...
04/07/2022 11:55:00 AM [INFO]: Starting game round...
04/07/2022 11:55:00 AM [INFO]: Starting game round...
04/07/2022 11:55:20 AM [INFO]: Starting game round...
04/07/2022 11:55:20 AM [INFO]: Starting game round...
04/07/2022 11:55:33 AM [INFO]: Starting game round...
04/07/2022 11:55:33 AM [INFO]: Starting game round...
04/07/2022 11:55:47 AM [INFO]: Starting game round...
04/07/2022 11:56:00 AM [INFO]: Starting game round...
04/07/2022 11:56:07 AM [INFO]: Starting game round...
04/07/2022 11:56:07 AM [INFO]: Starting game round...
04/07/2022 11:56:20 AM [INFO]: Starting game round...
04/07/2022 11:56:34 AM [INFO]: Starting game round...
04/07/2022 11:56:41 AM [INFO]: Starting game round...
04/07/2022 11:56:54 AM [INFO]: Starting game round...
04/07/2022 11:56:54 AM [INFO]: Starting game round...
04/07/2022 11:57:08 AM [INFO]: Starting game round...
04/07/2022 11:57:21 AM [INFO]: Starting game round...
04/07/2022 11:57:35 AM [INFO]: Starting game round...
04/07/2022 11:57:41 AM [INFO]: Starting game round...
04/07/2022 11:57:41 AM [INFO]: Starting game round...
04/07/2022 11:57:48 AM [INFO]: Starting game round...
04/07/2022 11:57:48 AM [INFO]: Starting game round...
04/07/2022 11:57:55 AM [INFO]: Starting game round...
04/07/2022 11:57:55 AM [INFO]: Starting game round...
04/07/2022 11:58:08 AM [INFO]: Starting game round...
04/07/2022 11:58:22 AM [INFO]: Starting game round...
04/07/2022 11:58:28 AM [INFO]: Starting game round...
04/07/2022 11:58:35 AM [INFO]: Starting game round...
04/07/2022 11:58:35 AM [INFO]: Starting game round...
04/07/2022 11:59:15 AM [INFO]: Starting game round...
04/07/2022 11:59:22 AM [INFO]: Starting game round...
04/07/2022 11:59:22 AM [INFO]: Starting game round...
04/07/2022 11:59:29 AM [INFO]: Starting game round...
04/07/2022 11:59:42 AM [INFO]: Starting game round...
04/07/2022 11:59:49 AM [INFO]: Starting game round...
04/07/2022 11:59:56 AM [INFO]: Starting game round...
04/07/2022 12:00:03 PM [INFO]: Starting game round...
04/07/2022 12:00:09 PM [INFO]: Starting game round...
04/07/2022 12:00:09 PM [INFO]: Starting game round...
04/07/2022 12:00:29 PM [INFO]: Starting game round...
04/07/2022 12:00:36 PM [INFO]: Starting game round...
04/07/2022 12:00:51 PM [INFO]: Starting game round...
04/07/2022 12:00:56 PM [INFO]: Starting game round...
04/07/2022 12:01:03 PM [INFO]: Starting game round...
04/07/2022 12:01:03 PM [INFO]: Starting game round...
04/07/2022 12:01:16 PM [INFO]: Starting game round...
04/07/2022 12:01:30 PM [INFO]: Starting game round...
04/07/2022 12:01:44 PM [INFO]: Starting game round...
04/07/2022 12:01:44 PM [INFO]: Starting game round...
04/07/2022 12:01:50 PM [INFO]: Starting game round...
04/07/2022 12:01:51 PM [INFO]: Starting game round...
04/07/2022 12:01:57 PM [INFO]: Starting game round...
04/07/2022 12:02:17 PM [INFO]: Starting game round...
04/07/2022 12:02:17 PM [INFO]: Starting game round...
04/07/2022 12:02:31 PM [INFO]: Starting game round...
04/07/2022 12:02:38 PM [INFO]: Starting game round...
04/07/2022 12:03:04 PM [INFO]: Starting game round...
04/07/2022 12:03:05 PM [INFO]: Starting game round...
04/07/2022 12:03:18 PM [INFO]: Starting game round...
04/07/2022 12:03:25 PM [INFO]: Starting game round...
04/07/2022 12:03:31 PM [INFO]: Starting game round...
04/07/2022 12:03:38 PM [INFO]: Starting game round...
04/07/2022 12:03:38 PM [INFO]: Starting game round...
04/07/2022 12:03:45 PM [INFO]: Starting game round...
04/07/2022 12:03:52 PM [INFO]: Starting game round...
04/07/2022 12:03:59 PM [INFO]: Starting game round...
04/07/2022 12:04:12 PM [INFO]: Starting game round...
04/07/2022 12:04:25 PM [INFO]: Starting game round...
04/07/2022 12:04:26 PM [INFO]: Starting game round...
04/07/2022 12:04:32 PM [INFO]: Starting game round...
04/07/2022 12:04:39 PM [INFO]: Starting game round...
04/07/2022 12:04:53 PM [INFO]: Starting game round...
04/07/2022 12:04:59 PM [INFO]: Starting game round...
04/07/2022 12:05:06 PM [INFO]: Starting game round...
04/07/2022 12:05:13 PM [INFO]: Starting game round...
04/07/2022 12:05:19 PM [INFO]: Starting game round...
04/07/2022 12:05:40 PM [INFO]: Starting game round...
04/07/2022 12:06:01 PM [INFO]: Starting game round...
04/07/2022 12:06:06 PM [INFO]: Starting game round...
04/07/2022 12:06:07 PM [INFO]: Starting game round...
04/07/2022 12:06:13 PM [INFO]: Starting game round...
04/07/2022 12:06:13 PM [INFO]: Starting game round...
04/07/2022 12:06:27 PM [INFO]: Starting game round...
04/07/2022 12:06:27 PM [INFO]: Starting game round...
04/07/2022 12:06:27 PM [INFO]: Starting game round...
04/07/2022 12:06:40 PM [INFO]: Starting game round...
04/07/2022 12:06:54 PM [INFO]: Starting game round...
04/07/2022 12:06:54 PM [INFO]: Starting game round...
04/07/2022 12:07:01 PM [INFO]: Starting game round...
04/07/2022 12:07:01 PM [INFO]: Starting game round...
04/07/2022 12:07:01 PM [INFO]: Starting game round...
slurmstepd: error: *** JOB 19288731 ON n116 CANCELLED AT 2022-04-07T12:07:14 ***
04/07/2022 12:07:14 PM [INFO]: Starting game round...
