04/06/2022 04:18:01 PM [INFO]: Preparing model for multi-process MCTS...
04/06/2022 04:18:02 PM [INFO]: Loaded cc4_current_net__iter3.pth.tar model.
04/06/2022 04:18:02 PM [INFO]: Spawning 2 processes...
START TIME:  16:18:01
04/06/2022 04:18:04 PM [INFO]: [CPU: 0]: Starting MCTS self-play...
  0%|          | 0/5 [00:00<?, ?it/s]04/06/2022 04:18:04 PM [INFO]: [CPU: 0]: Game 0
04/06/2022 04:18:04 PM [INFO]: [CPU: 1]: Starting MCTS self-play...
  0%|          | 0/5 [00:00<?, ?it/s]04/06/2022 04:18:04 PM [INFO]: [CPU: 1]: Game 0
 20%|██        | 1/5 [03:38<14:35, 218.83s/it]04/06/2022 04:21:43 PM [INFO]: [CPU: 1]: Game 1
 20%|██        | 1/5 [06:29<25:58, 389.58s/it]04/06/2022 04:24:34 PM [INFO]: [CPU: 0]: Game 1
 40%|████      | 2/5 [15:49<26:00, 520.15s/it]04/06/2022 04:33:54 PM [INFO]: [CPU: 1]: Game 2
 40%|████      | 2/5 [16:31<25:42, 514.26s/it]04/06/2022 04:34:35 PM [INFO]: [CPU: 0]: Game 2
 60%|██████    | 3/5 [23:12<15:25, 462.73s/it]04/06/2022 04:41:17 PM [INFO]: [CPU: 0]: Game 3
 80%|████████  | 4/5 [25:27<05:33, 333.26s/it]04/06/2022 04:43:31 PM [INFO]: [CPU: 0]: Game 4
100%|██████████| 5/5 [33:25<00:00, 385.49s/it]100%|██████████| 5/5 [33:25<00:00, 401.08s/it]
 60%|██████    | 3/5 [35:20<27:13, 816.99s/it]04/06/2022 04:53:24 PM [INFO]: [CPU: 1]: Game 3
 80%|████████  | 4/5 [36:02<08:31, 511.07s/it]04/06/2022 04:54:06 PM [INFO]: [CPU: 1]: Game 4
100%|██████████| 5/5 [43:33<00:00, 489.33s/it]100%|██████████| 5/5 [43:33<00:00, 522.61s/it]
04/06/2022 05:01:37 PM [INFO]: Finished multi-process MCTS!
FINISHED SELF PLAY:  17:01:37
