04/06/2022 11:03:55 PM [INFO]: Preparing model for multi-process MCTS...
04/06/2022 11:03:55 PM [INFO]: Loaded cc4_current_net__iter3.pth.tar model.
04/06/2022 11:03:55 PM [INFO]: Spawning 8 processes...
START TIME:  23:03:55
04/06/2022 11:03:56 PM [INFO]: [CPU: 3]: Starting MCTS self-play...
04/06/2022 11:03:57 PM [INFO]: [CPU: 7]: Starting MCTS self-play...
04/06/2022 11:03:57 PM [INFO]: [CPU: 0]: Starting MCTS self-play...
  0%|          | 0/5 [00:00<?, ?it/s]04/06/2022 11:03:57 PM [INFO]: [CPU: 7]: Game 0
  0%|          | 0/5 [00:00<?, ?it/s]04/06/2022 11:03:57 PM [INFO]: [CPU: 0]: Game 0
  0%|          | 0/5 [00:00<?, ?it/s]04/06/2022 11:03:57 PM [INFO]: [CPU: 3]: Game 0
04/06/2022 11:03:57 PM [INFO]: [CPU: 1]: Starting MCTS self-play...
  0%|          | 0/5 [00:00<?, ?it/s]04/06/2022 11:03:57 PM [INFO]: [CPU: 1]: Game 0
04/06/2022 11:03:57 PM [INFO]: [CPU: 5]: Starting MCTS self-play...
  0%|          | 0/5 [00:00<?, ?it/s]04/06/2022 11:03:57 PM [INFO]: [CPU: 5]: Game 0
04/06/2022 11:03:57 PM [INFO]: [CPU: 6]: Starting MCTS self-play...
  0%|          | 0/5 [00:00<?, ?it/s]04/06/2022 11:03:57 PM [INFO]: [CPU: 6]: Game 0
04/06/2022 11:03:57 PM [INFO]: [CPU: 2]: Starting MCTS self-play...
04/06/2022 11:03:57 PM [INFO]: [CPU: 4]: Starting MCTS self-play...
  0%|          | 0/5 [00:00<?, ?it/s]04/06/2022 11:03:57 PM [INFO]: [CPU: 4]: Game 0
  0%|          | 0/5 [00:00<?, ?it/s]04/06/2022 11:03:57 PM [INFO]: [CPU: 2]: Game 0
slurmstepd: error: *** JOB 19281048 ON n128 CANCELLED AT 2022-04-07T00:04:10 ***
