04/07/2022 12:28:21 AM [INFO]: Preparing model for multi-process MCTS...
04/07/2022 12:28:21 AM [INFO]: Loaded cc4_current_net__iter3.pth.tar model.
04/07/2022 12:28:21 AM [INFO]: Spawning 10 processes...
START TIME:  00:28:14
04/07/2022 12:28:25 AM [INFO]: [CPU: 4]: Starting MCTS self-play...
  0%|          | 0/32 [00:00<?, ?it/s]04/07/2022 12:28:25 AM [INFO]: [CPU: 4]: Game 0
04/07/2022 12:28:25 AM [INFO]: [CPU: 6]: Starting MCTS self-play...
  0%|          | 0/32 [00:00<?, ?it/s]04/07/2022 12:28:25 AM [INFO]: [CPU: 6]: Game 0
04/07/2022 12:28:25 AM [INFO]: [CPU: 3]: Starting MCTS self-play...
04/07/2022 12:28:25 AM [INFO]: [CPU: 1]: Starting MCTS self-play...
04/07/2022 12:28:25 AM [INFO]: [CPU: 5]: Starting MCTS self-play...
  0%|          | 0/32 [00:00<?, ?it/s]04/07/2022 12:28:25 AM [INFO]: [CPU: 3]: Game 0
04/07/2022 12:28:25 AM [INFO]: [CPU: 0]: Starting MCTS self-play...
  0%|          | 0/32 [00:00<?, ?it/s]  0%|          | 0/32 [00:00<?, ?it/s]04/07/2022 12:28:25 AM [INFO]: [CPU: 5]: Game 0
04/07/2022 12:28:25 AM [INFO]: [CPU: 1]: Game 0
  0%|          | 0/32 [00:00<?, ?it/s]04/07/2022 12:28:25 AM [INFO]: [CPU: 0]: Game 0
04/07/2022 12:28:25 AM [INFO]: [CPU: 2]: Starting MCTS self-play...
  0%|          | 0/32 [00:00<?, ?it/s]04/07/2022 12:28:25 AM [INFO]: [CPU: 2]: Game 0
04/07/2022 12:28:25 AM [INFO]: [CPU: 7]: Starting MCTS self-play...
  0%|          | 0/32 [00:00<?, ?it/s]04/07/2022 12:28:25 AM [INFO]: [CPU: 7]: Game 0
04/07/2022 12:28:25 AM [INFO]: [CPU: 8]: Starting MCTS self-play...
  0%|          | 0/32 [00:00<?, ?it/s]04/07/2022 12:28:25 AM [INFO]: [CPU: 8]: Game 0
04/07/2022 12:28:25 AM [INFO]: [CPU: 9]: Starting MCTS self-play...
  0%|          | 0/32 [00:00<?, ?it/s]04/07/2022 12:28:25 AM [INFO]: [CPU: 9]: Game 0
  3%|▎         | 1/32 [01:06<34:25, 66.64s/it]04/07/2022 12:29:32 AM [INFO]: [CPU: 9]: Game 1
slurmstepd: error: *** JOB 19281185 ON n1109 CANCELLED AT 2022-04-07T00:29:38 ***
