04/07/2022 02:06:54 PM [INFO]: Preparing model for multi-process MCTS...
04/07/2022 02:06:54 PM [INFO]: Loaded cc4_current_net__iter5.pth.tar model.
04/07/2022 02:06:54 PM [INFO]: Spawning 12 processes...
START TIME:  14:06:51
04/07/2022 02:06:57 PM [INFO]: [CPU: 1]: Starting MCTS self-play...
  0%|          | 0/1000 [00:00<?, ?it/s]04/07/2022 02:06:57 PM [INFO]: [CPU: 1]: Game 0
04/07/2022 02:06:58 PM [INFO]: [CPU: 0]: Starting MCTS self-play...
  0%|          | 0/1000 [00:00<?, ?it/s]04/07/2022 02:06:58 PM [INFO]: [CPU: 0]: Game 0
04/07/2022 02:06:58 PM [INFO]: [CPU: 3]: Starting MCTS self-play...
  0%|          | 0/1000 [00:00<?, ?it/s]04/07/2022 02:06:58 PM [INFO]: [CPU: 3]: Game 0
04/07/2022 02:06:58 PM [INFO]: [CPU: 2]: Starting MCTS self-play...
  0%|          | 0/1000 [00:00<?, ?it/s]04/07/2022 02:06:58 PM [INFO]: [CPU: 2]: Game 0
04/07/2022 02:06:58 PM [INFO]: [CPU: 4]: Starting MCTS self-play...
04/07/2022 02:06:58 PM [INFO]: [CPU: 6]: Starting MCTS self-play...
  0%|          | 0/1000 [00:00<?, ?it/s]04/07/2022 02:06:58 PM [INFO]: [CPU: 4]: Game 0
  0%|          | 0/1000 [00:00<?, ?it/s]04/07/2022 02:06:58 PM [INFO]: [CPU: 6]: Game 0
04/07/2022 02:06:58 PM [INFO]: [CPU: 5]: Starting MCTS self-play...
  0%|          | 0/1000 [00:00<?, ?it/s]04/07/2022 02:06:58 PM [INFO]: [CPU: 5]: Game 0
04/07/2022 02:06:58 PM [INFO]: [CPU: 7]: Starting MCTS self-play...
  0%|          | 0/1000 [00:00<?, ?it/s]04/07/2022 02:06:58 PM [INFO]: [CPU: 7]: Game 0
04/07/2022 02:06:58 PM [INFO]: [CPU: 8]: Starting MCTS self-play...
  0%|          | 0/1000 [00:00<?, ?it/s]04/07/2022 02:06:58 PM [INFO]: [CPU: 8]: Game 0
04/07/2022 02:06:58 PM [INFO]: [CPU: 10]: Starting MCTS self-play...
04/07/2022 02:06:58 PM [INFO]: [CPU: 11]: Starting MCTS self-play...
04/07/2022 02:06:58 PM [INFO]: [CPU: 9]: Starting MCTS self-play...
  0%|          | 0/1000 [00:00<?, ?it/s]04/07/2022 02:06:58 PM [INFO]: [CPU: 11]: Game 0
  0%|          | 0/1000 [00:00<?, ?it/s]04/07/2022 02:06:58 PM [INFO]: [CPU: 10]: Game 0
  0%|          | 0/1000 [00:00<?, ?it/s]04/07/2022 02:06:58 PM [INFO]: [CPU: 9]: Game 0
  0%|          | 1/1000 [00:50<14:00:49, 50.50s/it]04/07/2022 02:07:48 PM [INFO]: [CPU: 3]: Game 1
  0%|          | 1/1000 [01:38<27:14:23, 98.16s/it]04/07/2022 02:08:36 PM [INFO]: [CPU: 0]: Game 1
slurmstepd: error: *** JOB 19289286 ON n1253 CANCELLED AT 2022-04-07T14:08:43 ***
