04/07/2022 10:15:32 PM [INFO]: Loading nets...
04/07/2022 10:15:32 PM [INFO]: Current net: cc4_current_net__iter5.pth.tar
04/07/2022 10:15:32 PM [INFO]: Previous (Best) net: cc4_current_net__iter3.pth.tar
04/07/2022 10:15:36 PM [INFO]: Spawning 12 processes...
START SELF PLAY:  22:15:32
FINISHED SELF PLAY:  22:15:32
START EVALUATION 22:15:32
04/07/2022 10:15:39 PM [INFO]: [CPU 0]: Starting games...
04/07/2022 10:15:39 PM [INFO]: Starting game round...
04/07/2022 10:15:40 PM [INFO]: [CPU 2]: Starting games...
04/07/2022 10:15:40 PM [INFO]: Starting game round...
04/07/2022 10:15:40 PM [INFO]: [CPU 1]: Starting games...
04/07/2022 10:15:40 PM [INFO]: Starting game round...
04/07/2022 10:15:41 PM [INFO]: [CPU 4]: Starting games...
04/07/2022 10:15:41 PM [INFO]: Starting game round...
04/07/2022 10:15:41 PM [INFO]: [CPU 3]: Starting games...
04/07/2022 10:15:41 PM [INFO]: Starting game round...
04/07/2022 10:15:41 PM [INFO]: [CPU 5]: Starting games...
04/07/2022 10:15:41 PM [INFO]: Starting game round...
04/07/2022 10:15:41 PM [INFO]: [CPU 7]: Starting games...
04/07/2022 10:15:41 PM [INFO]: Starting game round...
04/07/2022 10:15:41 PM [INFO]: [CPU 8]: Starting games...
04/07/2022 10:15:41 PM [INFO]: Starting game round...
04/07/2022 10:15:41 PM [INFO]: [CPU 6]: Starting games...
04/07/2022 10:15:41 PM [INFO]: Starting game round...
04/07/2022 10:15:41 PM [INFO]: [CPU 10]: Starting games...
04/07/2022 10:15:41 PM [INFO]: Starting game round...
04/07/2022 10:15:41 PM [INFO]: [CPU 9]: Starting games...
04/07/2022 10:15:41 PM [INFO]: Starting game round...
04/07/2022 10:15:41 PM [INFO]: [CPU 11]: Starting games...
04/07/2022 10:15:41 PM [INFO]: Starting game round...
04/07/2022 10:16:57 PM [INFO]: Starting game round...
04/07/2022 10:17:04 PM [INFO]: Starting game round...
04/07/2022 10:17:05 PM [INFO]: Starting game round...
04/07/2022 10:17:05 PM [INFO]: Starting game round...
04/07/2022 10:17:18 PM [INFO]: Starting game round...
04/07/2022 10:17:18 PM [INFO]: Starting game round...
04/07/2022 10:17:25 PM [INFO]: Starting game round...
04/07/2022 10:18:06 PM [INFO]: Starting game round...
04/07/2022 10:18:12 PM [INFO]: Starting game round...
04/07/2022 10:18:18 PM [INFO]: Starting game round...
04/07/2022 10:18:26 PM [INFO]: Starting game round...
04/07/2022 10:18:33 PM [INFO]: Starting game round...
04/07/2022 10:18:39 PM [INFO]: Starting game round...
04/07/2022 10:18:39 PM [INFO]: Starting game round...
04/07/2022 10:18:53 PM [INFO]: Starting game round...
04/07/2022 10:19:14 PM [INFO]: Starting game round...
04/07/2022 10:19:20 PM [INFO]: Starting game round...
04/07/2022 10:19:27 PM [INFO]: Starting game round...
04/07/2022 10:19:55 PM [INFO]: Starting game round...
04/07/2022 10:20:08 PM [INFO]: Starting game round...
04/07/2022 10:20:15 PM [INFO]: Starting game round...
04/07/2022 10:20:15 PM [INFO]: Starting game round...
04/07/2022 10:20:15 PM [INFO]: Starting game round...
04/07/2022 10:20:22 PM [INFO]: Starting game round...
04/07/2022 10:20:29 PM [INFO]: Starting game round...
04/07/2022 10:20:42 PM [INFO]: Starting game round...
04/07/2022 10:20:50 PM [INFO]: Starting game round...
04/07/2022 10:21:03 PM [INFO]: Starting game round...
04/07/2022 10:21:10 PM [INFO]: Starting game round...
04/07/2022 10:21:16 PM [INFO]: Starting game round...
04/07/2022 10:21:17 PM [INFO]: Starting game round...
04/07/2022 10:21:23 PM [INFO]: Starting game round...
04/07/2022 10:21:51 PM [INFO]: Starting game round...
04/07/2022 10:21:51 PM [INFO]: Starting game round...
04/07/2022 10:21:51 PM [INFO]: Starting game round...
04/07/2022 10:22:53 PM [INFO]: Starting game round...
04/07/2022 10:23:06 PM [INFO]: Starting game round...
04/07/2022 10:23:20 PM [INFO]: Starting game round...
04/07/2022 10:23:20 PM [INFO]: Starting game round...
04/07/2022 10:23:21 PM [INFO]: Starting game round...
04/07/2022 10:23:27 PM [INFO]: Starting game round...
04/07/2022 10:23:33 PM [INFO]: Starting game round...
04/07/2022 10:23:54 PM [INFO]: Starting game round...
04/07/2022 10:24:08 PM [INFO]: Starting game round...
04/07/2022 10:24:14 PM [INFO]: Starting game round...
04/07/2022 10:24:21 PM [INFO]: Starting game round...
04/07/2022 10:24:55 PM [INFO]: Starting game round...
04/07/2022 10:25:03 PM [INFO]: Starting game round...
04/07/2022 10:25:09 PM [INFO]: Starting game round...
04/07/2022 10:25:10 PM [INFO]: Starting game round...
04/07/2022 10:25:22 PM [INFO]: Starting game round...
04/07/2022 10:25:50 PM [INFO]: Starting game round...
04/07/2022 10:25:51 PM [INFO]: Starting game round...
04/07/2022 10:25:57 PM [INFO]: Starting game round...
04/07/2022 10:25:57 PM [INFO]: Starting game round...
04/07/2022 10:25:57 PM [INFO]: Starting game round...
04/07/2022 10:26:06 PM [INFO]: Starting game round...
04/07/2022 10:26:10 PM [INFO]: Starting game round...
04/07/2022 10:26:32 PM [INFO]: Starting game round...
04/07/2022 10:26:52 PM [INFO]: Starting game round...
04/07/2022 10:26:58 PM [INFO]: Starting game round...
04/07/2022 10:26:59 PM [INFO]: Starting game round...
